Arguments: 
  D:\soft\node.exe D:\soft\node_prefix\node_modules\yarn\bin\yarn.js add @/components/mySwiper --silent --no-progress

PATH: 
  D:\soft\node_modules\npm\node_modules\npm-lifecycle\node-gyp-bin;D:\d盘存储\Accumulate\node_modules\.bin;D:\soft\node_modules\npm\node_modules\npm-lifecycle\node-gyp-bin;D:\d盘存储\Accumulate\node_modules\.bin;C:\Program Files (x86)\NetSarang\Xftp 6\;C:\Program Files (x86)\Intel\iCLS Client\;C:\Program Files\Intel\iCLS Client\;C:\Windows\system32;C:\Windows;C:\Windows\System32\Wbem;C:\Windows\System32\WindowsPowerShell\v1.0\;C:\Program Files (x86)\NVIDIA Corporation\PhysX\Common;C:\Program Files (x86)\Intel\Intel(R) Management Engine Components\DAL;C:\Program Files\Intel\Intel(R) Management Engine Components\DAL;C:\Program Files (x86)\Intel\Intel(R) Management Engine Components\IPT;C:\Program Files\Intel\Intel(R) Management Engine Components\IPT;C:\WINDOWS\system32;C:\WINDOWS;C:\WINDOWS\System32\Wbem;C:\WINDOWS\System32\WindowsPowerShell\v1.0\;C:\WINDOWS\System32\OpenSSH\;C:\Program Files (x86)\Microsoft VS Code\bin;C:\ProgramData\Microsoft\Windows\Start Menu\Programs\Node.js;C:\Program Files (x86)\Tencent\QQ\Bin;C:\Users\陈阿嫩 -\node_modules;D:\soft\node_prefix\node_modules\node-dev;D:\soft\node_prefix\node_modules\express-generator;D:\soft\node_prefix;D:\mongoDB\bin;D:\Git\cmd;D:\soft;C:\Program Files (x86)\Yarn\bin\;C:\Users\陈阿嫩 -\AppData\Roaming\npm;C:\Users\陈阿嫩 -\AppData\Local\Yarn\bin;%USERPROFILE%\AppData\Local\Microsoft\WindowsApps;

Yarn version: 
  1.15.2

Node version: 
  10.15.1

Platform: 
  win32 x64

Trace: 
  Error: https://r.cnpmjs.org/@%2fcomponents/mySwiper: [not_found] document not found
      at Request.params.callback [as _callback] (D:\soft\node_prefix\node_modules\yarn\lib\cli.js:66058:18)
      at Request.self.callback (D:\soft\node_prefix\node_modules\yarn\lib\cli.js:129541:22)
      at Request.emit (events.js:189:13)
      at Request.<anonymous> (D:\soft\node_prefix\node_modules\yarn\lib\cli.js:130513:10)
      at Request.emit (events.js:189:13)
      at Gunzip.<anonymous> (D:\soft\node_prefix\node_modules\yarn\lib\cli.js:130435:12)
      at Object.onceWrapper (events.js:277:13)
      at Gunzip.emit (events.js:194:15)
      at endReadableNT (_stream_readable.js:1103:12)
      at process._tickCallback (internal/process/next_tick.js:63:19)

npm manifest: 
  {
    "name": "accumulate",
    "version": "1.0.0",
    "private": true,
    "description": "积纳有品",
    "templateInfo": {
      "name": "mobx",
      "typescript": false,
      "css": "sass"
    },
    "main": "index.js",
    "scripts": {
      "build:weapp": "taro build --type weapp",
      "build:swan": "taro build --type swan",
      "build:alipay": "taro build --type alipay",
      "build:tt": "taro build --type tt",
      "build:h5": "taro build --type h5",
      "build:rn": "taro build --type rn",
      "dev:weapp": "npm run build:weapp -- --watch",
      "dev:swan": "npm run build:swan -- --watch",
      "dev:alipay": "npm run build:alipay -- --watch",
      "dev:tt": "npm run build:tt -- --watch",
      "dev:h5": "npm run build:h5 -- --watch",
      "dev:rn": "npm run build:rn -- --watch"
    },
    "author": "",
    "license": "MIT",
    "dependencies": {
      "@tarojs/components": "1.3.12",
      "@tarojs/mobx": "1.3.12",
      "@tarojs/mobx-common": "^1.3.12",
      "@tarojs/mobx-h5": "1.3.12",
      "@tarojs/mobx-rn": "1.3.12",
      "@tarojs/rn-runner": "1.3.12",
      "@tarojs/router": "1.3.12",
      "@tarojs/taro": "1.3.12",
      "@tarojs/taro-alipay": "1.3.12",
      "@tarojs/taro-h5": "1.3.12",
      "@tarojs/taro-swan": "1.3.12",
      "@tarojs/taro-tt": "1.3.12",
      "@tarojs/taro-weapp": "1.3.12",
      "mobx": "4.8.0",
      "nerv-devtools": "^1.4.0",
      "nervjs": "^1.4.0"
    },
    "devDependencies": {
      "@tarojs/plugin-babel": "1.3.12",
      "@tarojs/plugin-csso": "1.3.12",
      "@tarojs/plugin-sass": "1.3.12",
      "@tarojs/plugin-uglifyjs": "1.3.12",
      "@tarojs/webpack-runner": "1.3.12",
      "@types/react": "16.3.14",
      "@types/webpack-env": "^1.13.6",
      "babel-core": "^6.26.3",
      "babel-eslint": "^8.2.3",
      "babel-plugin-transform-class-properties": "^6.24.1",
      "babel-plugin-transform-decorators-legacy": "^1.3.4",
      "babel-plugin-transform-jsx-stylesheet": "^0.6.5",
      "babel-plugin-transform-object-rest-spread": "^6.26.0",
      "babel-preset-env": "^1.6.1",
      "babel-runtime": "^6.26.0",
      "eslint": "^5.16.0",
      "eslint-config-taro": "1.3.12",
      "eslint-plugin-import": "^2.12.0",
      "eslint-plugin-react": "^7.8.2",
      "eslint-plugin-react-hooks": "^1.6.1",
      "eslint-plugin-taro": "1.3.12",
      "node-sass": "^4.12.0",
      "sass-loader": "^7.2.0",
      "scss-bundle": "^2.5.1",
      "stylelint": "9.3.0",
      "stylelint-config-taro-rn": "1.3.12",
      "stylelint-taro-rn": "1.3.12"
    }
  }

yarn manifest: 
  No manifest

Lockfile: 
  No lockfile
